-------------------------------------------------------------------------------
Test set: Authorization Service API Testing
-------------------------------------------------------------------------------
Tests run: 13, Failures: 1, Errors: 0, Skipped: 0, Time elapsed: 24.432 s <<< FAILURE! - in Authorization Service API Testing
Update Company Details(Authorization Service API Testing)  Time elapsed: 0.058 s  <<< FAILURE!
java.lang.AssertionError: 
1 expectation failed.
Expected status code <200> but was <401>.


