-------------------------------------------------------------------------------
Test set: Organization Service API Testing
-------------------------------------------------------------------------------
Tests run: 82, Failures: 1, Errors: 0, Skipped: 0, Time elapsed: 4.078 s <<< FAILURE! - in Organization Service API Testing
Create Text and Bio Credential(Organization Service API Testing)  Time elapsed: 0.028 s  <<< FAILURE!
java.lang.AssertionError: 
1 expectation failed.
Expected status code <200> but was <500>.


